C:\HLOCAL\IG_PRACTICA2-MASTER\FREEGLUT PROJECT 2D\RELEASE\TRIANGULO.OBJ
C:\HLOCAL\IG_PRACTICA2-MASTER\FREEGLUT PROJECT 2D\RELEASE\PV2D.OBJ
C:\HLOCAL\IG_PRACTICA2-MASTER\FREEGLUT PROJECT 2D\RELEASE\PELOTA.OBJ
C:\HLOCAL\IG_PRACTICA2-MASTER\FREEGLUT PROJECT 2D\RELEASE\MAIN.OBJ
C:\HLOCAL\IG_PRACTICA2-MASTER\FREEGLUT PROJECT 2D\RELEASE\LAPIZ.OBJ
C:\HLOCAL\IG_PRACTICA2-MASTER\FREEGLUT PROJECT 2D\RELEASE\ESCENA.OBJ
C:\HLOCAL\IG_PRACTICA2-MASTER\FREEGLUT PROJECT 2D\RELEASE\CONTROLADOR.OBJ
C:\HLOCAL\IG_PRACTICA2-MASTER\FREEGLUT PROJECT 2D\RELEASE\CIRCULO.OBJ
C:\HLOCAL\IG_PRACTICA2-MASTER\FREEGLUT PROJECT 2D\RELEASE\VC110.PDB
C:\HLOCAL\IG_PRACTICA2-MASTER\RELEASE\IG PRACTICA 2.EXE
C:\HLOCAL\IG_PRACTICA2-MASTER\RELEASE\IG PRACTICA 2.PDB
C:\hlocal\IG_Practica2-master\freeglut project 2D\Release\Circulo.obj
C:\hlocal\IG_Practica2-master\freeglut project 2D\Release\controlador.obj
C:\hlocal\IG_Practica2-master\freeglut project 2D\Release\escena.obj
C:\hlocal\IG_Practica2-master\freeglut project 2D\Release\lapiz.obj
C:\hlocal\IG_Practica2-master\freeglut project 2D\Release\main.obj
C:\hlocal\IG_Practica2-master\freeglut project 2D\Release\pelota.obj
C:\hlocal\IG_Practica2-master\freeglut project 2D\Release\PV2D.obj
C:\hlocal\IG_Practica2-master\freeglut project 2D\Release\Triangulo.obj
C:\hlocal\IG_Practica2-master\freeglut project 2D\Release\cl.command.1.tlog
C:\hlocal\IG_Practica2-master\freeglut project 2D\Release\CL.read.1.tlog
C:\hlocal\IG_Practica2-master\freeglut project 2D\Release\CL.write.1.tlog
C:\hlocal\IG_Practica2-master\freeglut project 2D\Release\link-cvtres.read.1.tlog
C:\hlocal\IG_Practica2-master\freeglut project 2D\Release\link-cvtres.write.1.tlog
C:\hlocal\IG_Practica2-master\freeglut project 2D\Release\link-rc.read.1.tlog
C:\hlocal\IG_Practica2-master\freeglut project 2D\Release\link-rc.write.1.tlog
C:\hlocal\IG_Practica2-master\freeglut project 2D\Release\link.command.1.tlog
C:\hlocal\IG_Practica2-master\freeglut project 2D\Release\link.read.1.tlog
C:\hlocal\IG_Practica2-master\freeglut project 2D\Release\link.write.1.tlog
C:\hlocal\IG_Practica2-master\freeglut project 2D\Release\vc110.pdb
C:\hlocal\IG_Practica2-master\Release\IG Practica 2.pdb
C:\hlocal\IG_Practica2-master\Release\IG Practica 2.exe
