C:\USERS\USUARIO_LOCAL\DOCUMENTS\GITHUB\IG_PRACTICA2\FREEGLUT PROJECT 2D\DEBUG\MAIN.OBJ
C:\USERS\USUARIO_LOCAL\DOCUMENTS\GITHUB\IG_PRACTICA2\FREEGLUT PROJECT 2D\DEBUG\VC110.PDB
C:\USERS\USUARIO_LOCAL\DOCUMENTS\GITHUB\IG_PRACTICA2\FREEGLUT PROJECT 2D\DEBUG\PUNTO.OBJ
C:\USERS\USUARIO_LOCAL\DOCUMENTS\GITHUB\IG_PRACTICA2\FREEGLUT PROJECT 2D\DEBUG\ESCENA.OBJ
C:\USERS\USUARIO_LOCAL\DOCUMENTS\GITHUB\IG_PRACTICA2\FREEGLUT PROJECT 2D\DEBUG\CONTROLADOR.OBJ
C:\USERS\USUARIO_LOCAL\DOCUMENTS\GITHUB\IG_PRACTICA2\DEBUG\IG PRACTICA 2.ILK
C:\USERS\USUARIO_LOCAL\DOCUMENTS\GITHUB\IG_PRACTICA2\DEBUG\IG PRACTICA 2.EXE
C:\USERS\USUARIO_LOCAL\DOCUMENTS\GITHUB\IG_PRACTICA2\DEBUG\IG PRACTICA 2.PDB
C:\Users\usuario_local\Documents\GitHub\IG_Practica2\freeglut project 2D\Debug\controlador.obj
C:\Users\usuario_local\Documents\GitHub\IG_Practica2\freeglut project 2D\Debug\escena.obj
C:\Users\usuario_local\Documents\GitHub\IG_Practica2\freeglut project 2D\Debug\main.obj
C:\Users\usuario_local\Documents\GitHub\IG_Practica2\freeglut project 2D\Debug\punto.obj
C:\Users\usuario_local\Documents\GitHub\IG_Practica2\freeglut project 2D\Debug\cl.command.1.tlog
C:\Users\usuario_local\Documents\GitHub\IG_Practica2\freeglut project 2D\Debug\CL.read.1.tlog
C:\Users\usuario_local\Documents\GitHub\IG_Practica2\freeglut project 2D\Debug\CL.write.1.tlog
C:\Users\usuario_local\Documents\GitHub\IG_Practica2\freeglut project 2D\Debug\link-cvtres.read.1.tlog
C:\Users\usuario_local\Documents\GitHub\IG_Practica2\freeglut project 2D\Debug\link-cvtres.write.1.tlog
C:\Users\usuario_local\Documents\GitHub\IG_Practica2\freeglut project 2D\Debug\link-rc.read.1.tlog
C:\Users\usuario_local\Documents\GitHub\IG_Practica2\freeglut project 2D\Debug\link-rc.write.1.tlog
C:\Users\usuario_local\Documents\GitHub\IG_Practica2\freeglut project 2D\Debug\link.6216-cvtres.read.1.tlog
C:\Users\usuario_local\Documents\GitHub\IG_Practica2\freeglut project 2D\Debug\link.6216-cvtres.write.1.tlog
C:\Users\usuario_local\Documents\GitHub\IG_Practica2\freeglut project 2D\Debug\link.6216-rc.read.1.tlog
C:\Users\usuario_local\Documents\GitHub\IG_Practica2\freeglut project 2D\Debug\link.6216-rc.write.1.tlog
C:\Users\usuario_local\Documents\GitHub\IG_Practica2\freeglut project 2D\Debug\link.6216.read.1.tlog
C:\Users\usuario_local\Documents\GitHub\IG_Practica2\freeglut project 2D\Debug\link.6216.write.1.tlog
C:\Users\usuario_local\Documents\GitHub\IG_Practica2\freeglut project 2D\Debug\link.7844-cvtres.read.1.tlog
C:\Users\usuario_local\Documents\GitHub\IG_Practica2\freeglut project 2D\Debug\link.7844-cvtres.write.1.tlog
C:\Users\usuario_local\Documents\GitHub\IG_Practica2\freeglut project 2D\Debug\link.7844-rc.read.1.tlog
C:\Users\usuario_local\Documents\GitHub\IG_Practica2\freeglut project 2D\Debug\link.7844-rc.write.1.tlog
C:\Users\usuario_local\Documents\GitHub\IG_Practica2\freeglut project 2D\Debug\link.7844.read.1.tlog
C:\Users\usuario_local\Documents\GitHub\IG_Practica2\freeglut project 2D\Debug\link.7844.write.1.tlog
C:\Users\usuario_local\Documents\GitHub\IG_Practica2\freeglut project 2D\Debug\link.command.1.tlog
C:\Users\usuario_local\Documents\GitHub\IG_Practica2\freeglut project 2D\Debug\link.read.1.tlog
C:\Users\usuario_local\Documents\GitHub\IG_Practica2\freeglut project 2D\Debug\link.write.1.tlog
C:\Users\usuario_local\Documents\GitHub\IG_Practica2\freeglut project 2D\Debug\vc110.idb
C:\Users\usuario_local\Documents\GitHub\IG_Practica2\freeglut project 2D\Debug\vc110.pdb
C:\Users\usuario_local\Documents\GitHub\IG_Practica2\Debug\IG Practica 2.pdb
C:\Users\usuario_local\Documents\GitHub\IG_Practica2\Debug\IG Practica 2.exe
C:\Users\usuario_local\Documents\GitHub\IG_Practica2\Debug\IG Practica 2.ilk
